app/build/intermediates/manifest_merge_blame_file/debug/processDebugMainManifest/manifest-merger-blame-debug-report.txt
1<?xml version="1.0" encoding="utf-8"?>
2<manifest xmlns:android="http://schemas.android.com/apk/res/android"
3    package="com.securechat.app"
4    android:versionCode="1"
5    android:versionName="1.0.0" >
6
7    <uses-sdk
8        android:minSdkVersion="26"
9        android:targetSdkVersion="34" />
10
11    <!-- ── Permissions ──────────────────────────────────────────────────── -->
12    <uses-permission android:name="android.permission.INTERNET" />
12-->src\main\AndroidManifest.xml:6:5-67
12-->src\main\AndroidManifest.xml:6:22-64
13    <uses-permission android:name="android.permission.FOREGROUND_SERVICE" />
13-->src\main\AndroidManifest.xml:7:5-77
13-->src\main\AndroidManifest.xml:7:22-74
14    <uses-permission android:name="android.permission.FOREGROUND_SERVICE_DATA_SYNC" />
14-->src\main\AndroidManifest.xml:8:5-87
14-->src\main\AndroidManifest.xml:8:22-84
15    <uses-permission android:name="android.permission.RECEIVE_BOOT_COMPLETED" />
15-->src\main\AndroidManifest.xml:9:5-81
15-->src\main\AndroidManifest.xml:9:22-78
16    <uses-permission android:name="android.permission.POST_NOTIFICATIONS" />
16-->src\main\AndroidManifest.xml:10:5-77
16-->src\main\AndroidManifest.xml:10:22-74
17    <uses-permission android:name="android.permission.USE_BIOMETRIC" />
17-->src\main\AndroidManifest.xml:11:5-72
17-->src\main\AndroidManifest.xml:11:22-69
18    <uses-permission android:name="android.permission.READ_MEDIA_IMAGES" />
18-->src\main\AndroidManifest.xml:12:5-76
18-->src\main\AndroidManifest.xml:12:22-73
19    <uses-permission android:name="android.permission.READ_MEDIA_VIDEO" />
19-->src\main\AndroidManifest.xml:13:5-75
19-->src\main\AndroidManifest.xml:13:22-72
20    <uses-permission android:name="android.permission.CAMERA" />
20-->src\main\AndroidManifest.xml:14:5-65
20-->src\main\AndroidManifest.xml:14:22-62
21    <uses-permission android:name="android.permission.VIBRATE" />
21-->src\main\AndroidManifest.xml:15:5-66
21-->src\main\AndroidManifest.xml:15:22-63
22    <!-- Create a unique permission for your app and use it so only your app can receive your OneSignal messages. -->
23    <permission
23-->[com.onesignal:notifications:5.1.6] AndroidManifest.xml:10:5-12:47
24        android:name="com.securechat.app.permission.C2D_MESSAGE"
24-->[com.onesignal:notifications:5.1.6] AndroidManifest.xml:11:9-63
25        android:protectionLevel="signature" />
25-->[com.onesignal:notifications:5.1.6] AndroidManifest.xml:12:9-44
26
27    <uses-permission android:name="com.securechat.app.permission.C2D_MESSAGE" /> <!-- Required, makes sure notifications are delivered on time. -->
27-->[com.onesignal:notifications:5.1.6] AndroidManifest.xml:14:5-79
27-->[com.onesignal:notifications:5.1.6] AndroidManifest.xml:14:22-76
28    <uses-permission android:name="android.permission.WAKE_LOCK" /> <!-- c2dm RECEIVE are basic requirements for push messages through Google's FCM -->
28-->[com.onesignal:notifications:5.1.6] AndroidManifest.xml:18:5-68
28-->[com.onesignal:notifications:5.1.6] AndroidManifest.xml:18:22-65
29    <uses-permission android:name="com.google.android.c2dm.permission.RECEIVE" /> <!-- START: ShortcutBadger -->
29-->[com.onesignal:notifications:5.1.6] AndroidManifest.xml:19:5-82
29-->[com.onesignal:notifications:5.1.6] AndroidManifest.xml:19:22-79
30    <!-- Samsung -->
31    <uses-permission android:name="com.sec.android.provider.badge.permission.READ" />
31-->[com.onesignal:notifications:5.1.6] AndroidManifest.xml:31:5-86
31-->[com.onesignal:notifications:5.1.6] AndroidManifest.xml:31:22-83
32    <uses-permission android:name="com.sec.android.provider.badge.permission.WRITE" /> <!-- HTC -->
32-->[com.onesignal:notifications:5.1.6] AndroidManifest.xml:32:5-87
32-->[com.onesignal:notifications:5.1.6] AndroidManifest.xml:32:22-84
33    <uses-permission android:name="com.htc.launcher.permission.READ_SETTINGS" />
33-->[com.onesignal:notifications:5.1.6] AndroidManifest.xml:33:5-81
33-->[com.onesignal:notifications:5.1.6] AndroidManifest.xml:33:22-78
34    <uses-permission android:name="com.htc.launcher.permission.UPDATE_SHORTCUT" /> <!-- Sony -->
34-->[com.onesignal:notifications:5.1.6] AndroidManifest.xml:34:5-83
34-->[com.onesignal:notifications:5.1.6] AndroidManifest.xml:34:22-80
35    <uses-permission android:name="com.sonyericsson.home.permission.BROADCAST_BADGE" />
35-->[com.onesignal:notifications:5.1.6] AndroidManifest.xml:35:5-88
35-->[com.onesignal:notifications:5.1.6] AndroidManifest.xml:35:22-85
36    <uses-permission android:name="com.sonymobile.home.permission.PROVIDER_INSERT_BADGE" /> <!-- Apex -->
36-->[com.onesignal:notifications:5.1.6] AndroidManifest.xml:36:5-92
36-->[com.onesignal:notifications:5.1.6] AndroidManifest.xml:36:22-89
37    <uses-permission android:name="com.anddoes.launcher.permission.UPDATE_COUNT" /> <!-- Solid -->
37-->[com.onesignal:notifications:5.1.6] AndroidManifest.xml:37:5-84
37-->[com.onesignal:notifications:5.1.6] AndroidManifest.xml:37:22-81
38    <uses-permission android:name="com.majeur.launcher.permission.UPDATE_BADGE" /> <!-- Huawei -->
38-->[com.onesignal:notifications:5.1.6] AndroidManifest.xml:38:5-83
38-->[com.onesignal:notifications:5.1.6] AndroidManifest.xml:38:22-80
39    <uses-permission android:name="com.huawei.android.launcher.permission.CHANGE_BADGE" />
39-->[com.onesignal:notifications:5.1.6] AndroidManifest.xml:39:5-91
39-->[com.onesignal:notifications:5.1.6] AndroidManifest.xml:39:22-88
40    <uses-permission android:name="com.huawei.android.launcher.permission.READ_SETTINGS" />
40-->[com.onesignal:notifications:5.1.6] AndroidManifest.xml:40:5-92
40-->[com.onesignal:notifications:5.1.6] AndroidManifest.xml:40:22-89
41    <uses-permission android:name="com.huawei.android.launcher.permission.WRITE_SETTINGS" /> <!-- ZUK -->
41-->[com.onesignal:notifications:5.1.6] AndroidManifest.xml:41:5-93
41-->[com.onesignal:notifications:5.1.6] AndroidManifest.xml:41:22-90
42    <uses-permission android:name="android.permission.READ_APP_BADGE" /> <!-- OPPO -->
42-->[com.onesignal:notifications:5.1.6] AndroidManifest.xml:42:5-73
42-->[com.onesignal:notifications:5.1.6] AndroidManifest.xml:42:22-70
43    <uses-permission android:name="com.oppo.launcher.permission.READ_SETTINGS" />
43-->[com.onesignal:notifications:5.1.6] AndroidManifest.xml:43:5-82
43-->[com.onesignal:notifications:5.1.6] AndroidManifest.xml:43:22-79
44    <uses-permission android:name="com.oppo.launcher.permission.WRITE_SETTINGS" /> <!-- EvMe -->
44-->[com.onesignal:notifications:5.1.6] AndroidManifest.xml:44:5-83
44-->[com.onesignal:notifications:5.1.6] AndroidManifest.xml:44:22-80
45    <uses-permission android:name="me.everything.badger.permission.BADGE_COUNT_READ" />
45-->[com.onesignal:notifications:5.1.6] AndroidManifest.xml:45:5-88
45-->[com.onesignal:notifications:5.1.6] AndroidManifest.xml:45:22-85
46    <uses-permission android:name="me.everything.badger.permission.BADGE_COUNT_WRITE" />
46-->[com.onesignal:notifications:5.1.6] AndroidManifest.xml:46:5-89
46-->[com.onesignal:notifications:5.1.6] AndroidManifest.xml:46:22-86
47    <uses-permission android:name="android.permission.ACCESS_NETWORK_STATE" />
47-->[com.onesignal:core:5.1.6] AndroidManifest.xml:10:5-79
47-->[com.onesignal:core:5.1.6] AndroidManifest.xml:10:22-76
48
49    <permission
49-->[androidx.core:core:1.13.0] AndroidManifest.xml:22:5-24:47
50        android:name="com.securechat.app.DYNAMIC_RECEIVER_NOT_EXPORTED_PERMISSION"
50-->[androidx.core:core:1.13.0] AndroidManifest.xml:23:9-81
51        android:protectionLevel="signature" />
51-->[androidx.core:core:1.13.0] AndroidManifest.xml:24:9-44
52
53    <uses-permission android:name="com.securechat.app.DYNAMIC_RECEIVER_NOT_EXPORTED_PERMISSION" />
53-->[androidx.core:core:1.13.0] AndroidManifest.xml:26:5-97
53-->[androidx.core:core:1.13.0] AndroidManifest.xml:26:22-94
54
55    <application
55-->src\main\AndroidManifest.xml:17:5-67:19
56        android:name="com.securechat.app.SecureChatApplication"
56-->src\main\AndroidManifest.xml:18:9-46
57        android:allowBackup="false"
57-->src\main\AndroidManifest.xml:19:9-36
58        android:appComponentFactory="androidx.core.app.CoreComponentFactory"
58-->[androidx.core:core:1.13.0] AndroidManifest.xml:28:18-86
59        android:dataExtractionRules="@xml/data_extraction_rules"
59-->src\main\AndroidManifest.xml:20:9-65
60        android:debuggable="true"
61        android:extractNativeLibs="false"
62        android:fullBackupContent="@xml/backup_rules"
62-->src\main\AndroidManifest.xml:21:9-54
63        android:icon="@drawable/ic_launcher"
63-->src\main\AndroidManifest.xml:22:9-45
64        android:label="@string/app_name"
64-->src\main\AndroidManifest.xml:23:9-41
65        android:roundIcon="@drawable/ic_launcher"
65-->src\main\AndroidManifest.xml:24:9-50
66        android:supportsRtl="true"
66-->src\main\AndroidManifest.xml:25:9-35
67        android:theme="@style/Theme.SecureChat" >
67-->src\main\AndroidManifest.xml:26:9-48
68
69        <!-- ── Main Activity ──────────────────────────────────────────── -->
70        <activity
70-->src\main\AndroidManifest.xml:30:9-39:20
71            android:name="com.securechat.app.MainActivity"
71-->src\main\AndroidManifest.xml:31:13-41
72            android:exported="true"
72-->src\main\AndroidManifest.xml:32:13-36
73            android:theme="@style/Theme.SecureChat"
73-->src\main\AndroidManifest.xml:34:13-52
74            android:windowSoftInputMode="adjustResize" >
74-->src\main\AndroidManifest.xml:33:13-55
75            <intent-filter>
75-->src\main\AndroidManifest.xml:35:13-38:29
76                <action android:name="android.intent.action.MAIN" />
76-->src\main\AndroidManifest.xml:36:17-69
76-->src\main\AndroidManifest.xml:36:25-66
77
78                <category android:name="android.intent.category.LAUNCHER" />
78-->src\main\AndroidManifest.xml:37:17-77
78-->src\main\AndroidManifest.xml:37:27-74
79            </intent-filter>
80        </activity>
81
82        <!-- ── FCM Push Notification Service ─────────────────────────── -->
83        <service
83-->src\main\AndroidManifest.xml:42:9-48:19
84            android:name="com.securechat.features.notifications.SecureFcmService"
84-->src\main\AndroidManifest.xml:43:13-82
85            android:exported="false" >
85-->src\main\AndroidManifest.xml:44:13-37
86            <intent-filter>
86-->src\main\AndroidManifest.xml:45:13-47:29
87                <action android:name="com.google.firebase.MESSAGING_EVENT" />
87-->src\main\AndroidManifest.xml:46:17-78
87-->src\main\AndroidManifest.xml:46:25-75
88            </intent-filter>
89        </service>
90
91        <!-- ── WorkManager initializer (manual for Hilt injection) ─────── -->
92        <provider
93            android:name="androidx.startup.InitializationProvider"
93-->src\main\AndroidManifest.xml:52:13-67
94            android:authorities="com.securechat.app.androidx-startup"
94-->src\main\AndroidManifest.xml:53:13-68
95            android:exported="false" >
95-->src\main\AndroidManifest.xml:54:13-37
96            <meta-data
96-->[androidx.emoji2:emoji2:1.3.0] AndroidManifest.xml:29:13-31:52
97                android:name="androidx.emoji2.text.EmojiCompatInitializer"
97-->[androidx.emoji2:emoji2:1.3.0] AndroidManifest.xml:30:17-75
98                android:value="androidx.startup" />
98-->[androidx.emoji2:emoji2:1.3.0] AndroidManifest.xml:31:17-49
99            <meta-data
99-->[io.github.jan-tennert.supabase:storage-kt-android-debug:2.5.4] AndroidManifest.xml:14:13-16:52
100                android:name="io.github.jan.supabase.storage.SupabaseInitializer"
100-->[io.github.jan-tennert.supabase:storage-kt-android-debug:2.5.4] AndroidManifest.xml:15:17-82
101                android:value="androidx.startup" />
101-->[io.github.jan-tennert.supabase:storage-kt-android-debug:2.5.4] AndroidManifest.xml:16:17-49
102            <meta-data
102-->[io.github.jan-tennert.supabase:gotrue-kt-android-debug:2.5.4] AndroidManifest.xml:14:13-16:52
103                android:name="io.github.jan.supabase.gotrue.SupabaseInitializer"
103-->[io.github.jan-tennert.supabase:gotrue-kt-android-debug:2.5.4] AndroidManifest.xml:15:17-81
104                android:value="androidx.startup" />
104-->[io.github.jan-tennert.supabase:gotrue-kt-android-debug:2.5.4] AndroidManifest.xml:16:17-49
105            <meta-data
105-->[androidx.lifecycle:lifecycle-process:2.8.3] AndroidManifest.xml:29:13-31:52
106                android:name="androidx.lifecycle.ProcessLifecycleInitializer"
106-->[androidx.lifecycle:lifecycle-process:2.8.3] AndroidManifest.xml:30:17-78
107                android:value="androidx.startup" />
107-->[androidx.lifecycle:lifecycle-process:2.8.3] AndroidManifest.xml:31:17-49
108            <meta-data
108-->[com.russhwolf:multiplatform-settings-no-arg-android-debug:1.1.1] AndroidManifest.xml:29:13-31:52
109                android:name="com.russhwolf.settings.SettingsInitializer"
109-->[com.russhwolf:multiplatform-settings-no-arg-android-debug:1.1.1] AndroidManifest.xml:30:17-74
110                android:value="androidx.startup" />
110-->[com.russhwolf:multiplatform-settings-no-arg-android-debug:1.1.1] AndroidManifest.xml:31:17-49
111            <meta-data
111-->[androidx.profileinstaller:profileinstaller:1.3.1] AndroidManifest.xml:29:13-31:52
112                android:name="androidx.profileinstaller.ProfileInstallerInitializer"
112-->[androidx.profileinstaller:profileinstaller:1.3.1] AndroidManifest.xml:30:17-85
113                android:value="androidx.startup" />
113-->[androidx.profileinstaller:profileinstaller:1.3.1] AndroidManifest.xml:31:17-49
114        </provider>
115
116        <!-- Notification channel metadata (>= Android 8) -->
117        <meta-data
117-->src\main\AndroidManifest.xml:63:9-65:71
118            android:name="com.google.firebase.messaging.default_notification_channel_id"
118-->src\main\AndroidManifest.xml:64:13-89
119            android:value="@string/default_notification_channel_id" />
119-->src\main\AndroidManifest.xml:65:13-68
120
121        <receiver
121-->[com.onesignal:notifications:5.1.6] AndroidManifest.xml:49:9-60:20
122            android:name="com.onesignal.notifications.receivers.FCMBroadcastReceiver"
122-->[com.onesignal:notifications:5.1.6] AndroidManifest.xml:50:13-86
123            android:exported="true"
123-->[com.onesignal:notifications:5.1.6] AndroidManifest.xml:51:13-36
124            android:permission="com.google.android.c2dm.permission.SEND" >
124-->[com.onesignal:notifications:5.1.6] AndroidManifest.xml:52:13-73
125
126            <!-- High priority so OneSignal payloads can be filtered from other FCM receivers -->
127            <intent-filter android:priority="999" >
127-->[com.onesignal:notifications:5.1.6] AndroidManifest.xml:55:13-59:29
127-->[com.onesignal:notifications:5.1.6] AndroidManifest.xml:55:28-50
128                <action android:name="com.google.android.c2dm.intent.RECEIVE" />
128-->[com.onesignal:notifications:5.1.6] AndroidManifest.xml:56:17-81
128-->[com.onesignal:notifications:5.1.6] AndroidManifest.xml:56:25-78
129
130                <category android:name="com.securechat.app" />
130-->[com.onesignal:notifications:5.1.6] AndroidManifest.xml:58:17-61
130-->[com.onesignal:notifications:5.1.6] AndroidManifest.xml:58:27-58
131            </intent-filter>
132        </receiver>
133
134        <service
134-->[com.onesignal:notifications:5.1.6] AndroidManifest.xml:62:9-68:19
135            android:name="com.onesignal.notifications.services.HmsMessageServiceOneSignal"
135-->[com.onesignal:notifications:5.1.6] AndroidManifest.xml:63:13-91
136            android:exported="false" >
136-->[com.onesignal:notifications:5.1.6] AndroidManifest.xml:64:13-37
137            <intent-filter>
137-->[com.onesignal:notifications:5.1.6] AndroidManifest.xml:65:13-67:29
138                <action android:name="com.huawei.push.action.MESSAGING_EVENT" />
138-->[com.onesignal:notifications:5.1.6] AndroidManifest.xml:66:17-81
138-->[com.onesignal:notifications:5.1.6] AndroidManifest.xml:66:25-78
139            </intent-filter>
140        </service>
141
142        <activity
142-->[com.onesignal:notifications:5.1.6] AndroidManifest.xml:70:9-78:20
143            android:name="com.onesignal.notifications.activities.NotificationOpenedActivityHMS"
143-->[com.onesignal:notifications:5.1.6] AndroidManifest.xml:71:13-96
144            android:exported="true"
144-->[com.onesignal:notifications:5.1.6] AndroidManifest.xml:72:13-36
145            android:noHistory="true"
145-->[com.onesignal:notifications:5.1.6] AndroidManifest.xml:73:13-37
146            android:theme="@android:style/Theme.Translucent.NoTitleBar" >
146-->[com.onesignal:notifications:5.1.6] AndroidManifest.xml:74:13-72
147            <intent-filter>
147-->[com.onesignal:notifications:5.1.6] AndroidManifest.xml:75:13-77:29
148                <action android:name="android.intent.action.VIEW" />
148-->[com.onesignal:notifications:5.1.6] AndroidManifest.xml:76:17-69
148-->[com.onesignal:notifications:5.1.6] AndroidManifest.xml:76:25-66
149            </intent-filter>
150        </activity>
151
152        <receiver
152-->[com.onesignal:notifications:5.1.6] AndroidManifest.xml:80:9-82:39
153            android:name="com.onesignal.notifications.receivers.NotificationDismissReceiver"
153-->[com.onesignal:notifications:5.1.6] AndroidManifest.xml:81:13-93
154            android:exported="true" />
154-->[com.onesignal:notifications:5.1.6] AndroidManifest.xml:82:13-36
155        <receiver
155-->[com.onesignal:notifications:5.1.6] AndroidManifest.xml:83:9-90:20
156            android:name="com.onesignal.notifications.receivers.BootUpReceiver"
156-->[com.onesignal:notifications:5.1.6] AndroidManifest.xml:84:13-80
157            android:exported="true" >
157-->[com.onesignal:notifications:5.1.6] AndroidManifest.xml:85:13-36
158            <intent-filter>
158-->[com.onesignal:notifications:5.1.6] AndroidManifest.xml:86:13-89:29
159                <action android:name="android.intent.action.BOOT_COMPLETED" />
159-->[com.onesignal:notifications:5.1.6] AndroidManifest.xml:87:17-79
159-->[com.onesignal:notifications:5.1.6] AndroidManifest.xml:87:25-76
160                <action android:name="android.intent.action.QUICKBOOT_POWERON" />
160-->[com.onesignal:notifications:5.1.6] AndroidManifest.xml:88:17-82
160-->[com.onesignal:notifications:5.1.6] AndroidManifest.xml:88:25-79
161            </intent-filter>
162        </receiver>
163        <receiver
163-->[com.onesignal:notifications:5.1.6] AndroidManifest.xml:91:9-97:20
164            android:name="com.onesignal.notifications.receivers.UpgradeReceiver"
164-->[com.onesignal:notifications:5.1.6] AndroidManifest.xml:92:13-81
165            android:exported="true" >
165-->[com.onesignal:notifications:5.1.6] AndroidManifest.xml:93:13-36
166            <intent-filter>
166-->[com.onesignal:notifications:5.1.6] AndroidManifest.xml:94:13-96:29
167                <action android:name="android.intent.action.MY_PACKAGE_REPLACED" />
167-->[com.onesignal:notifications:5.1.6] AndroidManifest.xml:95:17-84
167-->[com.onesignal:notifications:5.1.6] AndroidManifest.xml:95:25-81
168            </intent-filter>
169        </receiver>
170
171        <activity
171-->[com.onesignal:notifications:5.1.6] AndroidManifest.xml:99:9-105:75
172            android:name="com.onesignal.notifications.activities.NotificationOpenedActivity"
172-->[com.onesignal:notifications:5.1.6] AndroidManifest.xml:100:13-93
173            android:excludeFromRecents="true"
173-->[com.onesignal:notifications:5.1.6] AndroidManifest.xml:101:13-46
174            android:exported="true"
174-->[com.onesignal:notifications:5.1.6] AndroidManifest.xml:102:13-36
175            android:noHistory="true"
175-->[com.onesignal:notifications:5.1.6] AndroidManifest.xml:103:13-37
176            android:taskAffinity=""
176-->[com.onesignal:notifications:5.1.6] AndroidManifest.xml:104:13-36
177            android:theme="@android:style/Theme.Translucent.NoTitleBar" />
177-->[com.onesignal:notifications:5.1.6] AndroidManifest.xml:105:13-72
178        <activity
178-->[com.onesignal:notifications:5.1.6] AndroidManifest.xml:106:9-111:75
179            android:name="com.onesignal.notifications.activities.NotificationOpenedActivityAndroid22AndOlder"
179-->[com.onesignal:notifications:5.1.6] AndroidManifest.xml:107:13-110
180            android:excludeFromRecents="true"
180-->[com.onesignal:notifications:5.1.6] AndroidManifest.xml:108:13-46
181            android:exported="true"
181-->[com.onesignal:notifications:5.1.6] AndroidManifest.xml:109:13-36
182            android:noHistory="true"
182-->[com.onesignal:notifications:5.1.6] AndroidManifest.xml:110:13-37
183            android:theme="@android:style/Theme.Translucent.NoTitleBar" />
183-->[com.onesignal:notifications:5.1.6] AndroidManifest.xml:111:13-72
184
185        <service
185-->[com.onesignal:core:5.1.6] AndroidManifest.xml:13:9-16:43
186            android:name="com.onesignal.core.services.SyncService"
186-->[com.onesignal:core:5.1.6] AndroidManifest.xml:14:13-67
187            android:exported="false"
187-->[com.onesignal:core:5.1.6] AndroidManifest.xml:15:13-37
188            android:stopWithTask="true" />
188-->[com.onesignal:core:5.1.6] AndroidManifest.xml:16:13-40
189        <service
189-->[com.onesignal:core:5.1.6] AndroidManifest.xml:17:9-20:72
190            android:name="com.onesignal.core.services.SyncJobService"
190-->[com.onesignal:core:5.1.6] AndroidManifest.xml:18:13-70
191            android:exported="false"
191-->[com.onesignal:core:5.1.6] AndroidManifest.xml:19:13-37
192            android:permission="android.permission.BIND_JOB_SERVICE" />
192-->[com.onesignal:core:5.1.6] AndroidManifest.xml:20:13-69
193
194        <activity
194-->[com.onesignal:core:5.1.6] AndroidManifest.xml:22:9-25:75
195            android:name="com.onesignal.core.activities.PermissionsActivity"
195-->[com.onesignal:core:5.1.6] AndroidManifest.xml:23:13-77
196            android:exported="false"
196-->[com.onesignal:core:5.1.6] AndroidManifest.xml:24:13-37
197            android:theme="@android:style/Theme.Translucent.NoTitleBar" />
197-->[com.onesignal:core:5.1.6] AndroidManifest.xml:25:13-72
198
199        <receiver
199-->[com.google.firebase:firebase-messaging:23.4.0] AndroidManifest.xml:29:9-40:20
200            android:name="com.google.firebase.iid.FirebaseInstanceIdReceiver"
200-->[com.google.firebase:firebase-messaging:23.4.0] AndroidManifest.xml:30:13-78
201            android:exported="true"
201-->[com.google.firebase:firebase-messaging:23.4.0] AndroidManifest.xml:31:13-36
202            android:permission="com.google.android.c2dm.permission.SEND" >
202-->[com.google.firebase:firebase-messaging:23.4.0] AndroidManifest.xml:32:13-73
203            <intent-filter>
203-->[com.google.firebase:firebase-messaging:23.4.0] AndroidManifest.xml:33:13-35:29
204                <action android:name="com.google.android.c2dm.intent.RECEIVE" />
204-->[com.onesignal:notifications:5.1.6] AndroidManifest.xml:56:17-81
204-->[com.onesignal:notifications:5.1.6] AndroidManifest.xml:56:25-78
205            </intent-filter>
206
207            <meta-data
207-->[com.google.firebase:firebase-messaging:23.4.0] AndroidManifest.xml:37:13-39:40
208                android:name="com.google.android.gms.cloudmessaging.FINISHED_AFTER_HANDLED"
208-->[com.google.firebase:firebase-messaging:23.4.0] AndroidManifest.xml:38:17-92
209                android:value="true" />
209-->[com.google.firebase:firebase-messaging:23.4.0] AndroidManifest.xml:39:17-37
210        </receiver>
211        <!--
212             FirebaseMessagingService performs security checks at runtime,
213             but set to not exported to explicitly avoid allowing another app to call it.
214        -->
215        <service
215-->[com.google.firebase:firebase-messaging:23.4.0] AndroidManifest.xml:46:9-53:19
216            android:name="com.google.firebase.messaging.FirebaseMessagingService"
216-->[com.google.firebase:firebase-messaging:23.4.0] AndroidManifest.xml:47:13-82
217            android:directBootAware="true"
217-->[com.google.firebase:firebase-messaging:23.4.0] AndroidManifest.xml:48:13-43
218            android:exported="false" >
218-->[com.google.firebase:firebase-messaging:23.4.0] AndroidManifest.xml:49:13-37
219            <intent-filter android:priority="-500" >
219-->src\main\AndroidManifest.xml:45:13-47:29
220                <action android:name="com.google.firebase.MESSAGING_EVENT" />
220-->src\main\AndroidManifest.xml:46:17-78
220-->src\main\AndroidManifest.xml:46:25-75
221            </intent-filter>
222        </service>
223        <service
223-->[com.google.firebase:firebase-messaging:23.4.0] AndroidManifest.xml:54:9-63:19
224            android:name="com.google.firebase.components.ComponentDiscoveryService"
224-->[com.google.firebase:firebase-messaging:23.4.0] AndroidManifest.xml:55:13-84
225            android:directBootAware="true"
225-->[com.google.firebase:firebase-common:20.4.2] AndroidManifest.xml:32:13-43
226            android:exported="false" >
226-->[com.google.firebase:firebase-messaging:23.4.0] AndroidManifest.xml:56:13-37
227            <meta-data
227-->[com.google.firebase:firebase-messaging:23.4.0] AndroidManifest.xml:57:13-59:85
228                android:name="com.google.firebase.components:com.google.firebase.messaging.FirebaseMessagingKtxRegistrar"
228-->[com.google.firebase:firebase-messaging:23.4.0] AndroidManifest.xml:58:17-122
229                android:value="com.google.firebase.components.ComponentRegistrar" />
229-->[com.google.firebase:firebase-messaging:23.4.0] AndroidManifest.xml:59:17-82
230            <meta-data
230-->[com.google.firebase:firebase-messaging:23.4.0] AndroidManifest.xml:60:13-62:85
231                android:name="com.google.firebase.components:com.google.firebase.messaging.FirebaseMessagingRegistrar"
231-->[com.google.firebase:firebase-messaging:23.4.0] AndroidManifest.xml:61:17-119
232                android:value="com.google.firebase.components.ComponentRegistrar" />
232-->[com.google.firebase:firebase-messaging:23.4.0] AndroidManifest.xml:62:17-82
233            <meta-data
233-->[com.google.firebase:firebase-installations:17.2.0] AndroidManifest.xml:15:13-17:85
234                android:name="com.google.firebase.components:com.google.firebase.installations.FirebaseInstallationsKtxRegistrar"
234-->[com.google.firebase:firebase-installations:17.2.0] AndroidManifest.xml:16:17-130
235                android:value="com.google.firebase.components.ComponentRegistrar" />
235-->[com.google.firebase:firebase-installations:17.2.0] AndroidManifest.xml:17:17-82
236            <meta-data
236-->[com.google.firebase:firebase-installations:17.2.0] AndroidManifest.xml:18:13-20:85
237                android:name="com.google.firebase.components:com.google.firebase.installations.FirebaseInstallationsRegistrar"
237-->[com.google.firebase:firebase-installations:17.2.0] AndroidManifest.xml:19:17-127
238                android:value="com.google.firebase.components.ComponentRegistrar" />
238-->[com.google.firebase:firebase-installations:17.2.0] AndroidManifest.xml:20:17-82
239            <meta-data
239-->[com.google.firebase:firebase-common-ktx:20.4.2] AndroidManifest.xml:12:13-14:85
240                android:name="com.google.firebase.components:com.google.firebase.ktx.FirebaseCommonLegacyRegistrar"
240-->[com.google.firebase:firebase-common-ktx:20.4.2] AndroidManifest.xml:13:17-116
241                android:value="com.google.firebase.components.ComponentRegistrar" />
241-->[com.google.firebase:firebase-common-ktx:20.4.2] AndroidManifest.xml:14:17-82
242            <meta-data
242-->[com.google.firebase:firebase-common:20.4.2] AndroidManifest.xml:35:13-37:85
243                android:name="com.google.firebase.components:com.google.firebase.FirebaseCommonKtxRegistrar"
243-->[com.google.firebase:firebase-common:20.4.2] AndroidManifest.xml:36:17-109
244                android:value="com.google.firebase.components.ComponentRegistrar" />
244-->[com.google.firebase:firebase-common:20.4.2] AndroidManifest.xml:37:17-82
245            <meta-data
245-->[com.google.firebase:firebase-datatransport:18.1.7] AndroidManifest.xml:27:13-29:85
246                android:name="com.google.firebase.components:com.google.firebase.datatransport.TransportRegistrar"
246-->[com.google.firebase:firebase-datatransport:18.1.7] AndroidManifest.xml:28:17-115
247                android:value="com.google.firebase.components.ComponentRegistrar" />
247-->[com.google.firebase:firebase-datatransport:18.1.7] AndroidManifest.xml:29:17-82
248        </service>
249
250        <activity
250-->[com.google.android.gms:play-services-base:18.0.1] AndroidManifest.xml:20:9-22:45
251            android:name="com.google.android.gms.common.api.GoogleApiActivity"
251-->[com.google.android.gms:play-services-base:18.0.1] AndroidManifest.xml:20:19-85
252            android:exported="false"
252-->[com.google.android.gms:play-services-base:18.0.1] AndroidManifest.xml:22:19-43
253            android:theme="@android:style/Theme.Translucent.NoTitleBar" />
253-->[com.google.android.gms:play-services-base:18.0.1] AndroidManifest.xml:21:19-78
254
255        <provider
255-->[com.google.firebase:firebase-common:20.4.2] AndroidManifest.xml:23:9-28:39
256            android:name="com.google.firebase.provider.FirebaseInitProvider"
256-->[com.google.firebase:firebase-common:20.4.2] AndroidManifest.xml:24:13-77
257            android:authorities="com.securechat.app.firebaseinitprovider"
257-->[com.google.firebase:firebase-common:20.4.2] AndroidManifest.xml:25:13-72
258            android:directBootAware="true"
258-->[com.google.firebase:firebase-common:20.4.2] AndroidManifest.xml:26:13-43
259            android:exported="false"
259-->[com.google.firebase:firebase-common:20.4.2] AndroidManifest.xml:27:13-37
260            android:initOrder="100" />
260-->[com.google.firebase:firebase-common:20.4.2] AndroidManifest.xml:28:13-36